<?xml version="1.0" encoding="UTF-8"?>
<!-- Generated by org.testng.reporters.JUnitXMLReporter -->
<testsuite ignored="0" hostname="APR-PC" failures="0" tests="4" name="Test" time="48.12" errors="0" timestamp="2024-10-08T21:50:36 IST">
  <testcase classname="com.simplilearn.SwagLabs_TestNg.LoginTest" name="TC01_LoginSuccessTest" time="2.453"/>
  <testcase classname="com.simplilearn.SwagLabs_TestNg.LoginTest" name="TC02_LoginFailureTest" time="0.332"/>
  <testcase classname="com.simplilearn.SwagLabs_TestNg.LoginTest" name="TC03_LockedUserTest" time="0.314"/>
  <testcase classname="com.simplilearn.SwagLabs_TestNg.HomePageTest" name="TC01_AddToCartTest" time="1.253"/>
</testsuite> <!-- Test -->
