<?xml version="1.0" encoding="UTF-8"?>
<testng-results ignored="0" total="4" passed="4" failed="0" skipped="0">
  <reporter-output>
  </reporter-output>
  <suite started-at="2024-10-08T21:49:48 IST" name="Suite" finished-at="2024-10-08T21:50:36 IST" duration-ms="48120">
    <groups>
    </groups>
    <test started-at="2024-10-08T21:49:48 IST" name="Test" finished-at="2024-10-08T21:50:36 IST" duration-ms="48120">
      <class name="com.simplilearn.SwagLabs_TestNg.LoginTest">
        <test-method is-config="true" signature="setup()[pri:0, instance:com.simplilearn.SwagLabs_TestNg.LoginTest@1bb5a082]" started-at="2024-10-08T21:49:48 IST" name="setup" finished-at="2024-10-08T21:50:21 IST" duration-ms="32848" status="PASS">
          <reporter-output>
          </reporter-output>
        </test-method> <!-- setup -->
        <test-method signature="TC01_LoginSuccessTest()[pri:0, instance:com.simplilearn.SwagLabs_TestNg.LoginTest@1bb5a082]" started-at="2024-10-08T21:50:21 IST" name="TC01_LoginSuccessTest" finished-at="2024-10-08T21:50:23 IST" duration-ms="2453" status="PASS">
          <reporter-output>
          </reporter-output>
        </test-method> <!-- TC01_LoginSuccessTest -->
        <test-method is-config="true" signature="tearDown()[pri:0, instance:com.simplilearn.SwagLabs_TestNg.LoginTest@1bb5a082]" started-at="2024-10-08T21:50:23 IST" name="tearDown" finished-at="2024-10-08T21:50:24 IST" duration-ms="618" status="PASS">
          <reporter-output>
          </reporter-output>
        </test-method> <!-- tearDown -->
        <test-method is-config="true" signature="setup()[pri:0, instance:com.simplilearn.SwagLabs_TestNg.LoginTest@1bb5a082]" started-at="2024-10-08T21:50:24 IST" name="setup" finished-at="2024-10-08T21:50:27 IST" duration-ms="2773" status="PASS">
          <reporter-output>
          </reporter-output>
        </test-method> <!-- setup -->
        <test-method signature="TC02_LoginFailureTest()[pri:0, instance:com.simplilearn.SwagLabs_TestNg.LoginTest@1bb5a082]" started-at="2024-10-08T21:50:27 IST" name="TC02_LoginFailureTest" finished-at="2024-10-08T21:50:27 IST" duration-ms="332" status="PASS">
          <reporter-output>
          </reporter-output>
        </test-method> <!-- TC02_LoginFailureTest -->
        <test-method is-config="true" signature="tearDown()[pri:0, instance:com.simplilearn.SwagLabs_TestNg.LoginTest@1bb5a082]" started-at="2024-10-08T21:50:27 IST" name="tearDown" finished-at="2024-10-08T21:50:28 IST" duration-ms="559" status="PASS">
          <reporter-output>
          </reporter-output>
        </test-method> <!-- tearDown -->
        <test-method is-config="true" signature="setup()[pri:0, instance:com.simplilearn.SwagLabs_TestNg.LoginTest@1bb5a082]" started-at="2024-10-08T21:50:28 IST" name="setup" finished-at="2024-10-08T21:50:30 IST" duration-ms="2780" status="PASS">
          <reporter-output>
          </reporter-output>
        </test-method> <!-- setup -->
        <test-method signature="TC03_LockedUserTest()[pri:0, instance:com.simplilearn.SwagLabs_TestNg.LoginTest@1bb5a082]" started-at="2024-10-08T21:50:30 IST" name="TC03_LockedUserTest" finished-at="2024-10-08T21:50:31 IST" duration-ms="314" status="PASS">
          <reporter-output>
          </reporter-output>
        </test-method> <!-- TC03_LockedUserTest -->
        <test-method is-config="true" signature="tearDown()[pri:0, instance:com.simplilearn.SwagLabs_TestNg.LoginTest@1bb5a082]" started-at="2024-10-08T21:50:31 IST" name="tearDown" finished-at="2024-10-08T21:50:31 IST" duration-ms="675" status="PASS">
          <reporter-output>
          </reporter-output>
        </test-method> <!-- tearDown -->
      </class> <!-- com.simplilearn.SwagLabs_TestNg.LoginTest -->
      <class name="com.simplilearn.SwagLabs_TestNg.HomePageTest">
        <test-method is-config="true" signature="setup()[pri:0, instance:com.simplilearn.SwagLabs_TestNg.HomePageTest@6025e1b6]" started-at="2024-10-08T21:50:31 IST" name="setup" finished-at="2024-10-08T21:50:34 IST" duration-ms="2916" status="PASS">
          <reporter-output>
          </reporter-output>
        </test-method> <!-- setup -->
        <test-method signature="TC01_AddToCartTest()[pri:0, instance:com.simplilearn.SwagLabs_TestNg.HomePageTest@6025e1b6]" started-at="2024-10-08T21:50:34 IST" name="TC01_AddToCartTest" finished-at="2024-10-08T21:50:36 IST" duration-ms="1253" status="PASS">
          <reporter-output>
          </reporter-output>
        </test-method> <!-- TC01_AddToCartTest -->
        <test-method is-config="true" signature="tearDown()[pri:0, instance:com.simplilearn.SwagLabs_TestNg.HomePageTest@6025e1b6]" started-at="2024-10-08T21:50:36 IST" name="tearDown" finished-at="2024-10-08T21:50:36 IST" duration-ms="558" status="PASS">
          <reporter-output>
          </reporter-output>
        </test-method> <!-- tearDown -->
      </class> <!-- com.simplilearn.SwagLabs_TestNg.HomePageTest -->
    </test> <!-- Test -->
  </suite> <!-- Suite -->
</testng-results>
